###############################################################################
#                                                                             #
#     IAR Assembler V7.20.1.7305/W32 for ARM 28/May/2018  08:40:48            #
#     Copyright 1999-2014 IAR Systems AB.                                     #
#                                                                             #
#           Source file   =  C:\Users\ENGENUICS5\Documents\GitHub\SummerCamp2018_RC_Car\nordic_sdk4_2_2\Source\iar_startup_nrf51.s#
#           List file     =  C:\Users\ENGENUICS5\Documents\GitHub\SummerCamp2018_RC_Car\iar_7_20_1\Debug\List\iar_startup_nrf51.lst#
#           Object file   =  C:\Users\ENGENUICS5\Documents\GitHub\SummerCamp2018_RC_Car\iar_7_20_1\Debug\Obj\iar_startup_nrf51.o#
#           Command line  =  C:\Users\ENGENUICS5\Documents\GitHub\SummerCamp2018_RC_Car\nordic_sdk4_2_2\Source\iar_startup_nrf51.s #
#                            -OC:\Users\ENGENUICS5\Documents\GitHub\SummerCamp2018_RC_Car\iar_7_20_1\Debug\Obj\ #
#                            -s+ -M<> -w+ -r                                  #
#                            -LC:\Users\ENGENUICS5\Documents\GitHub\SummerCamp2018_RC_Car\iar_7_20_1\Debug\List\ #
#                            -cAOM -i -B -t2 -xDI --cpu Cortex-M0 --fpu None  #
#                            -IC:\Users\ENGENUICS5\Documents\GitHub\SummerCamp2018_RC_Car\iar_7_20_1\..\bsp\ #
#                            -IC:\Users\ENGENUICS5\Documents\GitHub\SummerCamp2018_RC_Car\iar_7_20_1\..\mpg_application\ #
#                            -IC:\Users\ENGENUICS5\Documents\GitHub\SummerCamp2018_RC_Car\iar_7_20_1\..\nordic_sdk4_2_2\ #
#                            -IC:\Users\ENGENUICS5\Documents\GitHub\SummerCamp2018_RC_Car\iar_7_20_1\..\nordic_sdk4_2_2\Include\ #
#                            -IC:\Users\ENGENUICS5\Documents\GitHub\SummerCamp2018_RC_Car\iar_7_20_1\..\nordic_sdk4_2_2\Include\ant\ #
#                            -IC:\Users\ENGENUICS5\Documents\GitHub\SummerCamp2018_RC_Car\iar_7_20_1\..\nordic_sdk4_2_2\Include\app_common\ #
#                            -IC:\Users\ENGENUICS5\Documents\GitHub\SummerCamp2018_RC_Car\iar_7_20_1\..\nordic_sdk4_2_2\Source\ #
#                            -IC:\Users\ENGENUICS5\Documents\GitHub\SummerCamp2018_RC_Car\iar_7_20_1\..\nordic_sdk4_2_2\Source\app_common\ #
#                                                                             #
###############################################################################

                                Reset_Handler
                                ------------^
                                "C:\Users\ENGENUICS5\Documents\GitHub\SummerCa
                       mp2018_RC_Car\nordic_sdk4_2_2\Source\iar_startup_nrf51.s
                       ",101  Warning[25]: L
                                abel 'Reset_Handler' is defined pubweak in a
                        section implicitly declared root
                                NMI_Handler
                                ----------^
                                "C:\Users\ENGENUICS5\Documents\GitHub\SummerCa
                       mp2018_RC_Car\nordic_sdk4_2_2\Source\iar_startup_nrf51.s
                       ",116  Warning[25]: L
                                abel 'NMI_Handler' is defined pubweak in a
                        section implicitly declared root
                                HardFault_Handler
                                ----------------^
                                "C:\Users\ENGENUICS5\Documents\GitHub\SummerCa
                       mp2018_RC_Car\nordic_sdk4_2_2\Source\iar_startup_nrf51.s
                       ",121  Warning[25]: L
                                abel 'HardFault_Handler' is defined pubweak in
                        a section implicitly declared root
                                SVC_Handler
                                ----------^
                                "C:\Users\ENGENUICS5\Documents\GitHub\SummerCa
                       mp2018_RC_Car\nordic_sdk4_2_2\Source\iar_startup_nrf51.s
                       ",126  Warning[25]: L
                                abel 'SVC_Handler' is defined pubweak in a
                        section implicitly declared root
                                PendSV_Handler
                                -------------^
                                "C:\Users\ENGENUICS5\Documents\GitHub\SummerCa
                       mp2018_RC_Car\nordic_sdk4_2_2\Source\iar_startup_nrf51.s
                       ",131  Warning[25]: L
                                abel 'PendSV_Handler' is defined pubweak in a
                        section implicitly declared root
                                SysTick_Handler
                                --------------^
                                "C:\Users\ENGENUICS5\Documents\GitHub\SummerCa
                       mp2018_RC_Car\nordic_sdk4_2_2\Source\iar_startup_nrf51.s
                       ",136  Warning[25]: L
                                abel 'SysTick_Handler' is defined pubweak in a
                        section implicitly declared root
                                POWER_CLOCK_IRQHandler
                                ---------------------^
                                "C:\Users\ENGENUICS5\Documents\GitHub\SummerCa
                       mp2018_RC_Car\nordic_sdk4_2_2\Source\iar_startup_nrf51.s
                       ",143  Warning[25]: L
                                abel 'POWER_CLOCK_IRQHandler' is defined
                        pubweak in a section implicitly declared root
                                RADIO_IRQHandler
                                ---------------^
                                "C:\Users\ENGENUICS5\Documents\GitHub\SummerCa
                       mp2018_RC_Car\nordic_sdk4_2_2\Source\iar_startup_nrf51.s
                       ",147  Warning[25]: L
                                abel 'RADIO_IRQHandler' is defined pubweak in
                        a section implicitly declared root
                                UART0_IRQHandler
                                ---------------^
                                "C:\Users\ENGENUICS5\Documents\GitHub\SummerCa
                       mp2018_RC_Car\nordic_sdk4_2_2\Source\iar_startup_nrf51.s
                       ",151  Warning[25]: L
                                abel 'UART0_IRQHandler' is defined pubweak in
                        a section implicitly declared root
                                SPI0_TWI0_IRQHandler
                                -------------------^
                                "C:\Users\ENGENUICS5\Documents\GitHub\SummerCa
                       mp2018_RC_Car\nordic_sdk4_2_2\Source\iar_startup_nrf51.s
                       ",155  Warning[25]: L
                                abel 'SPI0_TWI0_IRQHandler' is defined pubweak
                        in a section implicitly declared root
                                SPI1_TWI1_IRQHandler
                                -------------------^
                                "C:\Users\ENGENUICS5\Documents\GitHub\SummerCa
                       mp2018_RC_Car\nordic_sdk4_2_2\Source\iar_startup_nrf51.s
                       ",159  Warning[25]: L
                                abel 'SPI1_TWI1_IRQHandler' is defined pubweak
                        in a section implicitly declared root
                                GPIOTE_IRQHandler
                                ----------------^
                                "C:\Users\ENGENUICS5\Documents\GitHub\SummerCa
                       mp2018_RC_Car\nordic_sdk4_2_2\Source\iar_startup_nrf51.s
                       ",163  Warning[25]: L
                                abel 'GPIOTE_IRQHandler' is defined pubweak in
                        a section implicitly declared root
                                ADC_IRQHandler
                                -------------^
                                "C:\Users\ENGENUICS5\Documents\GitHub\SummerCa
                       mp2018_RC_Car\nordic_sdk4_2_2\Source\iar_startup_nrf51.s
                       ",167  Warning[25]: L
                                abel 'ADC_IRQHandler' is defined pubweak in a
                        section implicitly declared root
                                TIMER0_IRQHandler
                                ----------------^
                                "C:\Users\ENGENUICS5\Documents\GitHub\SummerCa
                       mp2018_RC_Car\nordic_sdk4_2_2\Source\iar_startup_nrf51.s
                       ",171  Warning[25]: L
                                abel 'TIMER0_IRQHandler' is defined pubweak in
                        a section implicitly declared root
                                TIMER1_IRQHandler
                                ----------------^
                                "C:\Users\ENGENUICS5\Documents\GitHub\SummerCa
                       mp2018_RC_Car\nordic_sdk4_2_2\Source\iar_startup_nrf51.s
                       ",175  Warning[25]: L
                                abel 'TIMER1_IRQHandler' is defined pubweak in
                        a section implicitly declared root
                                TIMER2_IRQHandler
                                ----------------^
                                "C:\Users\ENGENUICS5\Documents\GitHub\SummerCa
                       mp2018_RC_Car\nordic_sdk4_2_2\Source\iar_startup_nrf51.s
                       ",179  Warning[25]: L
                                abel 'TIMER2_IRQHandler' is defined pubweak in
                        a section implicitly declared root
                                RTC0_IRQHandler
                                --------------^
                                "C:\Users\ENGENUICS5\Documents\GitHub\SummerCa
                       mp2018_RC_Car\nordic_sdk4_2_2\Source\iar_startup_nrf51.s
                       ",183  Warning[25]: L
                                abel 'RTC0_IRQHandler' is defined pubweak in a
                        section implicitly declared root
                                TEMP_IRQHandler
                                --------------^
                                "C:\Users\ENGENUICS5\Documents\GitHub\SummerCa
                       mp2018_RC_Car\nordic_sdk4_2_2\Source\iar_startup_nrf51.s
                       ",187  Warning[25]: L
                                abel 'TEMP_IRQHandler' is defined pubweak in a
                        section implicitly declared root
                                RNG_IRQHandler
                                -------------^
                                "C:\Users\ENGENUICS5\Documents\GitHub\SummerCa
                       mp2018_RC_Car\nordic_sdk4_2_2\Source\iar_startup_nrf51.s
                       ",191  Warning[25]: L
                                abel 'RNG_IRQHandler' is defined pubweak in a
                        section implicitly declared root
                                ECB_IRQHandler
                                -------------^
                                "C:\Users\ENGENUICS5\Documents\GitHub\SummerCa
                       mp2018_RC_Car\nordic_sdk4_2_2\Source\iar_startup_nrf51.s
                       ",195  Warning[25]: L
                                abel 'ECB_IRQHandler' is defined pubweak in a
                        section implicitly declared root
                                CCM_AAR_IRQHandler
                                -----------------^
                                "C:\Users\ENGENUICS5\Documents\GitHub\SummerCa
                       mp2018_RC_Car\nordic_sdk4_2_2\Source\iar_startup_nrf51.s
                       ",199  Warning[25]: L
                                abel 'CCM_AAR_IRQHandler' is defined pubweak
                        in a section implicitly declared root
                                WDT_IRQHandler
                                -------------^
                                "C:\Users\ENGENUICS5\Documents\GitHub\SummerCa
                       mp2018_RC_Car\nordic_sdk4_2_2\Source\iar_startup_nrf51.s
                       ",203  Warning[25]: L
                                abel 'WDT_IRQHandler' is defined pubweak in a
                        section implicitly declared root
                                RTC1_IRQHandler
                                --------------^
                                "C:\Users\ENGENUICS5\Documents\GitHub\SummerCa
                       mp2018_RC_Car\nordic_sdk4_2_2\Source\iar_startup_nrf51.s
                       ",207  Warning[25]: L
                                abel 'RTC1_IRQHandler' is defined pubweak in a
                        section implicitly declared root
                                QDEC_IRQHandler
                                --------------^
                                "C:\Users\ENGENUICS5\Documents\GitHub\SummerCa
                       mp2018_RC_Car\nordic_sdk4_2_2\Source\iar_startup_nrf51.s
                       ",211  Warning[25]: L
                                abel 'QDEC_IRQHandler' is defined pubweak in a
                        section implicitly declared root
                                LPCOMP_COMP_IRQHandler
                                ---------------------^
                                "C:\Users\ENGENUICS5\Documents\GitHub\SummerCa
                       mp2018_RC_Car\nordic_sdk4_2_2\Source\iar_startup_nrf51.s
                       ",215  Warning[25]: L
                                abel 'LPCOMP_COMP_IRQHandler' is defined
                        pubweak in a section implicitly declared root
                                SWI0_IRQHandler
                                --------------^
                                "C:\Users\ENGENUICS5\Documents\GitHub\SummerCa
                       mp2018_RC_Car\nordic_sdk4_2_2\Source\iar_startup_nrf51.s
                       ",219  Warning[25]: L
                                abel 'SWI0_IRQHandler' is defined pubweak in a
                        section implicitly declared root
                                SWI1_IRQHandler
                                --------------^
                                "C:\Users\ENGENUICS5\Documents\GitHub\SummerCa
                       mp2018_RC_Car\nordic_sdk4_2_2\Source\iar_startup_nrf51.s
                       ",223  Warning[25]: L
                                abel 'SWI1_IRQHandler' is defined pubweak in a
                        section implicitly declared root
                                SWI2_IRQHandler
                                --------------^
                                "C:\Users\ENGENUICS5\Documents\GitHub\SummerCa
                       mp2018_RC_Car\nordic_sdk4_2_2\Source\iar_startup_nrf51.s
                       ",227  Warning[25]: L
                                abel 'SWI2_IRQHandler' is defined pubweak in a
                        section implicitly declared root
                                SWI3_IRQHandler
                                --------------^
                                "C:\Users\ENGENUICS5\Documents\GitHub\SummerCa
                       mp2018_RC_Car\nordic_sdk4_2_2\Source\iar_startup_nrf51.s
                       ",231  Warning[25]: L
                                abel 'SWI3_IRQHandler' is defined pubweak in a
                        section implicitly declared root
                                SWI4_IRQHandler
                                --------------^
                                "C:\Users\ENGENUICS5\Documents\GitHub\SummerCa
                       mp2018_RC_Car\nordic_sdk4_2_2\Source\iar_startup_nrf51.s
                       ",235  Warning[25]: L
                                abel 'SWI4_IRQHandler' is defined pubweak in a
                        section implicitly declared root
                                SWI5_IRQHandler
                                --------------^
                                "C:\Users\ENGENUICS5\Documents\GitHub\SummerCa
                       mp2018_RC_Car\nordic_sdk4_2_2\Source\iar_startup_nrf51.s
                       ",239  Warning[25]: L
                                abel 'SWI5_IRQHandler' is defined pubweak in a
                        section implicitly declared root


    1                           ;; Copyright (c) 2009 Nordic Semiconductor.
                                 All Rights Reserved.
    2                           ;;
    3                           ;; The information contained herein is
                                 property of Nordic Semiconductor ASA.
    4                           ;; Terms and conditions of usage are described
                                 in detail in NORDIC
    5                           ;; SEMICONDUCTOR STANDARD SOFTWARE LICENSE
                                 AGREEMENT.
    6                           ;;
    7                           ;; Licensees are granted free, non-transferabl
                                e use of the information. NO
    8                           ;; WARRANTY of ANY KIND is provided. This
                                 heading must NOT be removed from
    9                           ;; the file.
   10                           
   11                           ;; NOTE: Template files (including this one)
                                 are application specific and therefore
                                 
   12                           ;; expected to be copied into the application
                                 project folder prior to its use!
   13                           
   14                           ;; Description message
   15                           
   16                                   MODULE  ?cstartup
   17                           
   18                                   ;; Stack size default : 1024
   19                                   ;; Heap size default : 2048
   20                           
   21                                   ;; Forward declaration of sections.
   22                                   SECTION CSTACK:DATA:NOROOT(3)
   23                           
   24                                   SECTION .intvec:CODE:NOROOT(2)
   25                           
   26                                   EXTERN  __iar_program_start
   27                                   EXTERN  SystemInit
   28                                   PUBLIC  __vector_table
   29                                   PUBLIC  __Vectors
   30                                   PUBLIC  __Vectors_End
   31                                   PUBLIC  __Vectors_Size
   32                           
   33                                   DATA
   34                           
   35                           __vector_table
   36    00000000 ........              DCD     sfe(CSTACK)
   37    00000004 ........              DCD     Reset_Handler
   38    00000008 ........              DCD     NMI_Handler
   39    0000000C ........              DCD     HardFault_Handler
   40    00000010 00000000              DCD     0
   41    00000014 00000000              DCD     0
   42    00000018 00000000              DCD     0
   43                           ;__vector_table_0x1c
   44    0000001C 00000000              DCD     0
   45    00000020 00000000              DCD     0
   46    00000024 00000000              DCD     0
   47    00000028 00000000              DCD     0
   48    0000002C ........              DCD     SVC_Handler
   49    00000030 00000000              DCD     0
   50    00000034 00000000              DCD     0
   51    00000038 ........              DCD     PendSV_Handler
   52    0000003C ........              DCD     SysTick_Handler
   53                           
   54                                   ; External Interrupts
   55    00000040 ........              DCD      POWER_CLOCK_IRQHandler
                                                                         ;POWER
                                                                        _CLOCK
   56    00000044 ........              DCD      RADIO_IRQHandler ;RADIO
   57    00000048 ........              DCD      UART0_IRQHandler ;UART0
   58    0000004C ........              DCD      SPI0_TWI0_IRQHandler
                                                                       ;SPI0_TW
                                                                      I0
   59    00000050 ........              DCD      SPI1_TWI1_IRQHandler
                                                                       ;SPI1_TW
                                                                      I1
   60    00000054 00000000              DCD      0 ;Reserved
   61    00000058 ........              DCD      GPIOTE_IRQHandler ;GPIOTE
   62    0000005C ........              DCD      ADC_IRQHandler ;ADC
   63    00000060 ........              DCD      TIMER0_IRQHandler ;TIMER0
   64    00000064 ........              DCD      TIMER1_IRQHandler ;TIMER1
   65    00000068 ........              DCD      TIMER2_IRQHandler ;TIMER2
   66    0000006C ........              DCD      RTC0_IRQHandler ;RTC0
   67    00000070 ........              DCD      TEMP_IRQHandler ;TEMP
   68    00000074 ........              DCD      RNG_IRQHandler ;RNG
   69    00000078 ........              DCD      ECB_IRQHandler ;ECB
   70    0000007C ........              DCD      CCM_AAR_IRQHandler ;CCM_AAR
   71    00000080 ........              DCD      WDT_IRQHandler ;WDT
   72    00000084 ........              DCD      RTC1_IRQHandler ;RTC1
   73    00000088 ........              DCD      QDEC_IRQHandler ;QDEC
   74    0000008C ........              DCD      LPCOMP_COMP_IRQHandler
                                                                         ;LPCOM
                                                                        P_COMP
   75    00000090 ........              DCD      SWI0_IRQHandler ;SWI0
   76    00000094 ........              DCD      SWI1_IRQHandler ;SWI1
   77    00000098 ........              DCD      SWI2_IRQHandler ;SWI2
   78    0000009C ........              DCD      SWI3_IRQHandler ;SWI3
   79    000000A0 ........              DCD      SWI4_IRQHandler ;SWI4
   80    000000A4 ........              DCD      SWI5_IRQHandler ;SWI5
   81    000000A8 00000000              DCD      0 ;Reserved
   82    000000AC 00000000              DCD      0 ;Reserved
   83    000000B0 00000000              DCD      0 ;Reserved
   84    000000B4 00000000              DCD      0 ;Reserved
   85    000000B8 00000000              DCD      0 ;Reserved
   86    000000BC 00000000              DCD      0 ;Reserved
   87                           
   88                           
   89                           __Vectors_End
   90                           __Vectors                           EQU  
                                 __vector_table
   91                           __Vectors_Size                      EQU  
                                 __Vectors_End - __Vectors
   92                           NRF_POWER_RAMON_ADDRESS             EQU  
                                 0x40000524  ; NRF_POWER->RAMON address
   93                           NRF_POWER_RAMON_RAMxON_ONMODE_Msk   EQU   0xF 
                                        ; All RAM blocks on in onmode bit
                                 mask
   94                           
   95                           ; Default handlers.
   96                                   THUMB
   97                           
   98                                   PUBWEAK Reset_Handler
   99                                   SECTION .text:CODE:REORDER(2)
  100                                   
  101                           Reset_Handler
                                Reset_Handler
                                ------------^
                                "C:\Users\ENGENUICS5\Documents\GitHub\SummerCa
                       mp2018_RC_Car\nordic_sdk4_2_2\Source\iar_startup_nrf51.s
                       ",101  Warning[25]: L
                                abel 'Reset_Handler' is defined pubweak in a
                        section implicitly declared root
  102    00000000 0348                  LDR     R0, =NRF_POWER_RAMON_ADDRESS
  103    00000002 0268                  LDR     R2, [R0]
  104    00000004 0F21                  MOVS    R1, #NRF_POWER_RAMON_RAMxON_ONM
                                                ODE_Msk
  105    00000006 0A43                  ORRS    R2, R2, R1
  106    00000008 0260                  STR     R2, [R0]
  107                            //       LDR     R0, =SystemInit
  108                            //       BLX     R0
  109    0000000A 0248                  LDR     R0, =__iar_program_start
  110    0000000C 0047                  BX      R0
  111                           
  112                                   ; Dummy exception handlers
  113                           
  114                                   PUBWEAK NMI_Handler
  114.1                                  TABLE
  114.2  00000010 24050040              Reference on line 102
  114.3  00000014 ........              Reference on line 109
  115                                   SECTION .text:CODE:REORDER(1)
  116                           NMI_Handler
                                NMI_Handler
                                ----------^
                                "C:\Users\ENGENUICS5\Documents\GitHub\SummerCa
                       mp2018_RC_Car\nordic_sdk4_2_2\Source\iar_startup_nrf51.s
                       ",116  Warning[25]: L
                                abel 'NMI_Handler' is defined pubweak in a
                        section implicitly declared root
  117    00000000 FEE7                  B .
  118                           
  119                                   PUBWEAK HardFault_Handler
  120                                   SECTION .text:CODE:REORDER(1)
  121                           HardFault_Handler
                                HardFault_Handler
                                ----------------^
                                "C:\Users\ENGENUICS5\Documents\GitHub\SummerCa
                       mp2018_RC_Car\nordic_sdk4_2_2\Source\iar_startup_nrf51.s
                       ",121  Warning[25]: L
                                abel 'HardFault_Handler' is defined pubweak in
                        a section implicitly declared root
  122    00000000 FEE7                  B .
  123                           
  124                                   PUBWEAK SVC_Handler
  125                                   SECTION .text:CODE:REORDER(1)
  126                           SVC_Handler
                                SVC_Handler
                                ----------^
                                "C:\Users\ENGENUICS5\Documents\GitHub\SummerCa
                       mp2018_RC_Car\nordic_sdk4_2_2\Source\iar_startup_nrf51.s
                       ",126  Warning[25]: L
                                abel 'SVC_Handler' is defined pubweak in a
                        section implicitly declared root
  127    00000000 FEE7                  B .
  128                           
  129                                   PUBWEAK PendSV_Handler
  130                                   SECTION .text:CODE:REORDER(1)
  131                           PendSV_Handler
                                PendSV_Handler
                                -------------^
                                "C:\Users\ENGENUICS5\Documents\GitHub\SummerCa
                       mp2018_RC_Car\nordic_sdk4_2_2\Source\iar_startup_nrf51.s
                       ",131  Warning[25]: L
                                abel 'PendSV_Handler' is defined pubweak in a
                        section implicitly declared root
  132    00000000 FEE7                  B .
  133                           
  134                                   PUBWEAK SysTick_Handler
  135                                   SECTION .text:CODE:REORDER(1)
  136                           SysTick_Handler
                                SysTick_Handler
                                --------------^
                                "C:\Users\ENGENUICS5\Documents\GitHub\SummerCa
                       mp2018_RC_Car\nordic_sdk4_2_2\Source\iar_startup_nrf51.s
                       ",136  Warning[25]: L
                                abel 'SysTick_Handler' is defined pubweak in a
                        section implicitly declared root
  137    00000000 FEE7                  B .
  138                           
  139                                  ; Dummy interrupt handlers
  140                           
  141                                   PUBWEAK  POWER_CLOCK_IRQHandler
  142                                   SECTION .text:CODE:REORDER(1)
  143                           POWER_CLOCK_IRQHandler
                                POWER_CLOCK_IRQHandler
                                ---------------------^
                                "C:\Users\ENGENUICS5\Documents\GitHub\SummerCa
                       mp2018_RC_Car\nordic_sdk4_2_2\Source\iar_startup_nrf51.s
                       ",143  Warning[25]: L
                                abel 'POWER_CLOCK_IRQHandler' is defined
                        pubweak in a section implicitly declared root
  144    00000000 FEE7                  B .
  145                                   PUBWEAK  RADIO_IRQHandler
  146                                   SECTION .text:CODE:REORDER(1)
  147                           RADIO_IRQHandler
                                RADIO_IRQHandler
                                ---------------^
                                "C:\Users\ENGENUICS5\Documents\GitHub\SummerCa
                       mp2018_RC_Car\nordic_sdk4_2_2\Source\iar_startup_nrf51.s
                       ",147  Warning[25]: L
                                abel 'RADIO_IRQHandler' is defined pubweak in
                        a section implicitly declared root
  148    00000000 FEE7                  B .
  149                                   PUBWEAK  UART0_IRQHandler
  150                                   SECTION .text:CODE:REORDER(1)
  151                           UART0_IRQHandler
                                UART0_IRQHandler
                                ---------------^
                                "C:\Users\ENGENUICS5\Documents\GitHub\SummerCa
                       mp2018_RC_Car\nordic_sdk4_2_2\Source\iar_startup_nrf51.s
                       ",151  Warning[25]: L
                                abel 'UART0_IRQHandler' is defined pubweak in
                        a section implicitly declared root
  152    00000000 FEE7                  B .
  153                                   PUBWEAK  SPI0_TWI0_IRQHandler
  154                                   SECTION .text:CODE:REORDER(1)
  155                           SPI0_TWI0_IRQHandler
                                SPI0_TWI0_IRQHandler
                                -------------------^
                                "C:\Users\ENGENUICS5\Documents\GitHub\SummerCa
                       mp2018_RC_Car\nordic_sdk4_2_2\Source\iar_startup_nrf51.s
                       ",155  Warning[25]: L
                                abel 'SPI0_TWI0_IRQHandler' is defined pubweak
                        in a section implicitly declared root
  156    00000000 FEE7                  B .
  157                                   PUBWEAK  SPI1_TWI1_IRQHandler
  158                                   SECTION .text:CODE:REORDER(1)
  159                           SPI1_TWI1_IRQHandler
                                SPI1_TWI1_IRQHandler
                                -------------------^
                                "C:\Users\ENGENUICS5\Documents\GitHub\SummerCa
                       mp2018_RC_Car\nordic_sdk4_2_2\Source\iar_startup_nrf51.s
                       ",159  Warning[25]: L
                                abel 'SPI1_TWI1_IRQHandler' is defined pubweak
                        in a section implicitly declared root
  160    00000000 FEE7                  B .
  161                                   PUBWEAK  GPIOTE_IRQHandler
  162                                   SECTION .text:CODE:REORDER(1)
  163                           GPIOTE_IRQHandler
                                GPIOTE_IRQHandler
                                ----------------^
                                "C:\Users\ENGENUICS5\Documents\GitHub\SummerCa
                       mp2018_RC_Car\nordic_sdk4_2_2\Source\iar_startup_nrf51.s
                       ",163  Warning[25]: L
                                abel 'GPIOTE_IRQHandler' is defined pubweak in
                        a section implicitly declared root
  164    00000000 FEE7                  B .
  165                                   PUBWEAK  ADC_IRQHandler
  166                                   SECTION .text:CODE:REORDER(1)
  167                           ADC_IRQHandler
                                ADC_IRQHandler
                                -------------^
                                "C:\Users\ENGENUICS5\Documents\GitHub\SummerCa
                       mp2018_RC_Car\nordic_sdk4_2_2\Source\iar_startup_nrf51.s
                       ",167  Warning[25]: L
                                abel 'ADC_IRQHandler' is defined pubweak in a
                        section implicitly declared root
  168    00000000 FEE7                  B .
  169                                   PUBWEAK  TIMER0_IRQHandler
  170                                   SECTION .text:CODE:REORDER(1)
  171                           TIMER0_IRQHandler
                                TIMER0_IRQHandler
                                ----------------^
                                "C:\Users\ENGENUICS5\Documents\GitHub\SummerCa
                       mp2018_RC_Car\nordic_sdk4_2_2\Source\iar_startup_nrf51.s
                       ",171  Warning[25]: L
                                abel 'TIMER0_IRQHandler' is defined pubweak in
                        a section implicitly declared root
  172    00000000 FEE7                  B .
  173                                   PUBWEAK  TIMER1_IRQHandler
  174                                   SECTION .text:CODE:REORDER(1)
  175                           TIMER1_IRQHandler
                                TIMER1_IRQHandler
                                ----------------^
                                "C:\Users\ENGENUICS5\Documents\GitHub\SummerCa
                       mp2018_RC_Car\nordic_sdk4_2_2\Source\iar_startup_nrf51.s
                       ",175  Warning[25]: L
                                abel 'TIMER1_IRQHandler' is defined pubweak in
                        a section implicitly declared root
  176    00000000 FEE7                  B .
  177                                   PUBWEAK  TIMER2_IRQHandler
  178                                   SECTION .text:CODE:REORDER(1)
  179                           TIMER2_IRQHandler
                                TIMER2_IRQHandler
                                ----------------^
                                "C:\Users\ENGENUICS5\Documents\GitHub\SummerCa
                       mp2018_RC_Car\nordic_sdk4_2_2\Source\iar_startup_nrf51.s
                       ",179  Warning[25]: L
                                abel 'TIMER2_IRQHandler' is defined pubweak in
                        a section implicitly declared root
  180    00000000 FEE7                  B .
  181                                   PUBWEAK  RTC0_IRQHandler
  182                                   SECTION .text:CODE:REORDER(1)
  183                           RTC0_IRQHandler
                                RTC0_IRQHandler
                                --------------^
                                "C:\Users\ENGENUICS5\Documents\GitHub\SummerCa
                       mp2018_RC_Car\nordic_sdk4_2_2\Source\iar_startup_nrf51.s
                       ",183  Warning[25]: L
                                abel 'RTC0_IRQHandler' is defined pubweak in a
                        section implicitly declared root
  184    00000000 FEE7                  B .
  185                                   PUBWEAK  TEMP_IRQHandler
  186                                   SECTION .text:CODE:REORDER(1)
  187                           TEMP_IRQHandler
                                TEMP_IRQHandler
                                --------------^
                                "C:\Users\ENGENUICS5\Documents\GitHub\SummerCa
                       mp2018_RC_Car\nordic_sdk4_2_2\Source\iar_startup_nrf51.s
                       ",187  Warning[25]: L
                                abel 'TEMP_IRQHandler' is defined pubweak in a
                        section implicitly declared root
  188    00000000 FEE7                  B .
  189                                   PUBWEAK  RNG_IRQHandler
  190                                   SECTION .text:CODE:REORDER(1)
  191                           RNG_IRQHandler
                                RNG_IRQHandler
                                -------------^
                                "C:\Users\ENGENUICS5\Documents\GitHub\SummerCa
                       mp2018_RC_Car\nordic_sdk4_2_2\Source\iar_startup_nrf51.s
                       ",191  Warning[25]: L
                                abel 'RNG_IRQHandler' is defined pubweak in a
                        section implicitly declared root
  192    00000000 FEE7                  B .
  193                                   PUBWEAK  ECB_IRQHandler
  194                                   SECTION .text:CODE:REORDER(1)
  195                           ECB_IRQHandler
                                ECB_IRQHandler
                                -------------^
                                "C:\Users\ENGENUICS5\Documents\GitHub\SummerCa
                       mp2018_RC_Car\nordic_sdk4_2_2\Source\iar_startup_nrf51.s
                       ",195  Warning[25]: L
                                abel 'ECB_IRQHandler' is defined pubweak in a
                        section implicitly declared root
  196    00000000 FEE7                  B .
  197                                   PUBWEAK  CCM_AAR_IRQHandler
  198                                   SECTION .text:CODE:REORDER(1)
  199                           CCM_AAR_IRQHandler
                                CCM_AAR_IRQHandler
                                -----------------^
                                "C:\Users\ENGENUICS5\Documents\GitHub\SummerCa
                       mp2018_RC_Car\nordic_sdk4_2_2\Source\iar_startup_nrf51.s
                       ",199  Warning[25]: L
                                abel 'CCM_AAR_IRQHandler' is defined pubweak
                        in a section implicitly declared root
  200    00000000 FEE7                  B .
  201                                   PUBWEAK  WDT_IRQHandler
  202                                   SECTION .text:CODE:REORDER(1)
  203                           WDT_IRQHandler
                                WDT_IRQHandler
                                -------------^
                                "C:\Users\ENGENUICS5\Documents\GitHub\SummerCa
                       mp2018_RC_Car\nordic_sdk4_2_2\Source\iar_startup_nrf51.s
                       ",203  Warning[25]: L
                                abel 'WDT_IRQHandler' is defined pubweak in a
                        section implicitly declared root
  204    00000000 FEE7                  B .
  205                                   PUBWEAK  RTC1_IRQHandler
  206                                   SECTION .text:CODE:REORDER(1)
  207                           RTC1_IRQHandler
                                RTC1_IRQHandler
                                --------------^
                                "C:\Users\ENGENUICS5\Documents\GitHub\SummerCa
                       mp2018_RC_Car\nordic_sdk4_2_2\Source\iar_startup_nrf51.s
                       ",207  Warning[25]: L
                                abel 'RTC1_IRQHandler' is defined pubweak in a
                        section implicitly declared root
  208    00000000 FEE7                  B .
  209                                   PUBWEAK  QDEC_IRQHandler
  210                                   SECTION .text:CODE:REORDER(1)
  211                           QDEC_IRQHandler
                                QDEC_IRQHandler
                                --------------^
                                "C:\Users\ENGENUICS5\Documents\GitHub\SummerCa
                       mp2018_RC_Car\nordic_sdk4_2_2\Source\iar_startup_nrf51.s
                       ",211  Warning[25]: L
                                abel 'QDEC_IRQHandler' is defined pubweak in a
                        section implicitly declared root
  212    00000000 FEE7                  B .
  213                                   PUBWEAK  LPCOMP_COMP_IRQHandler
  214                                   SECTION .text:CODE:REORDER(1)
  215                           LPCOMP_COMP_IRQHandler
                                LPCOMP_COMP_IRQHandler
                                ---------------------^
                                "C:\Users\ENGENUICS5\Documents\GitHub\SummerCa
                       mp2018_RC_Car\nordic_sdk4_2_2\Source\iar_startup_nrf51.s
                       ",215  Warning[25]: L
                                abel 'LPCOMP_COMP_IRQHandler' is defined
                        pubweak in a section implicitly declared root
  216    00000000 FEE7                  B .
  217                                   PUBWEAK  SWI0_IRQHandler
  218                                   SECTION .text:CODE:REORDER(1)
  219                           SWI0_IRQHandler
                                SWI0_IRQHandler
                                --------------^
                                "C:\Users\ENGENUICS5\Documents\GitHub\SummerCa
                       mp2018_RC_Car\nordic_sdk4_2_2\Source\iar_startup_nrf51.s
                       ",219  Warning[25]: L
                                abel 'SWI0_IRQHandler' is defined pubweak in a
                        section implicitly declared root
  220    00000000 FEE7                  B .
  221                                   PUBWEAK  SWI1_IRQHandler
  222                                   SECTION .text:CODE:REORDER(1)
  223                           SWI1_IRQHandler
                                SWI1_IRQHandler
                                --------------^
                                "C:\Users\ENGENUICS5\Documents\GitHub\SummerCa
                       mp2018_RC_Car\nordic_sdk4_2_2\Source\iar_startup_nrf51.s
                       ",223  Warning[25]: L
                                abel 'SWI1_IRQHandler' is defined pubweak in a
                        section implicitly declared root
  224    00000000 FEE7                  B .
  225                                   PUBWEAK  SWI2_IRQHandler
  226                                   SECTION .text:CODE:REORDER(1)
  227                           SWI2_IRQHandler
                                SWI2_IRQHandler
                                --------------^
                                "C:\Users\ENGENUICS5\Documents\GitHub\SummerCa
                       mp2018_RC_Car\nordic_sdk4_2_2\Source\iar_startup_nrf51.s
                       ",227  Warning[25]: L
                                abel 'SWI2_IRQHandler' is defined pubweak in a
                        section implicitly declared root
  228    00000000 FEE7                  B .
  229                                   PUBWEAK  SWI3_IRQHandler
  230                                   SECTION .text:CODE:REORDER(1)
  231                           SWI3_IRQHandler
                                SWI3_IRQHandler
                                --------------^
                                "C:\Users\ENGENUICS5\Documents\GitHub\SummerCa
                       mp2018_RC_Car\nordic_sdk4_2_2\Source\iar_startup_nrf51.s
                       ",231  Warning[25]: L
                                abel 'SWI3_IRQHandler' is defined pubweak in a
                        section implicitly declared root
  232    00000000 FEE7                  B .
  233                                   PUBWEAK  SWI4_IRQHandler
  234                                   SECTION .text:CODE:REORDER(1)
  235                           SWI4_IRQHandler
                                SWI4_IRQHandler
                                --------------^
                                "C:\Users\ENGENUICS5\Documents\GitHub\SummerCa
                       mp2018_RC_Car\nordic_sdk4_2_2\Source\iar_startup_nrf51.s
                       ",235  Warning[25]: L
                                abel 'SWI4_IRQHandler' is defined pubweak in a
                        section implicitly declared root
  236    00000000 FEE7                  B .
  237                                   PUBWEAK  SWI5_IRQHandler
  238                                   SECTION .text:CODE:REORDER(1)
  239                           SWI5_IRQHandler
                                SWI5_IRQHandler
                                --------------^
                                "C:\Users\ENGENUICS5\Documents\GitHub\SummerCa
                       mp2018_RC_Car\nordic_sdk4_2_2\Source\iar_startup_nrf51.s
                       ",239  Warning[25]: L
                                abel 'SWI5_IRQHandler' is defined pubweak in a
                        section implicitly declared root
  240    00000000 FEE7                  B .
  241                           
  242                           
  243                                   END


EOF                  DELIMITER 
\n                   DELIMITER 
                     DELIMITER 
!                    OPERATOR 
!=                   OPERATOR 
%                    OPERATOR 
&                    OPERATOR 
&&                   OPERATOR 
(                    OPERATOR 
(                    DELIMITER 
)                    OPERATOR 
)                    DELIMITER 
*                    OPERATOR 
+                    OPERATOR 
,                    DELIMITER 
-                    OPERATOR 
.                    Target symbol: 24 
/                    OPERATOR 
/                    DELIMITER 
:                    Target symbol: 22 
:                    DELIMITER 
;                    Target symbol: 23 
<                    OPERATOR 
<<                   OPERATOR 
<=                   OPERATOR 
<>                   OPERATOR 
=                    OPERATOR 
=                    DIRECTIVE 
==                   OPERATOR 
>                    OPERATOR 
>=                   OPERATOR 
>>                   OPERATOR 
@                    DELIMITER 
AAPCS                DIRECTIVE 
ALIAS                DIRECTIVE 
ALIGN                DIRECTIVE 
ALIGNRAM             DIRECTIVE 
ALIGNROM             DIRECTIVE 
ANOTE                DIRECTIVE 
ARGFRAME             DIRECTIVE 
ARM                  DIRECTIVE 
ASEGN                DIRECTIVE 
ASR                  MNEMONIC 
BIT                  SEGMENT TYPE 
BYTE1                OPERATOR 
BYTE2                OPERATOR 
BYTE3                OPERATOR 
BYTE4                OPERATOR 
C0                   REGISTER 
C1                   REGISTER 
C10                  REGISTER 
C11                  REGISTER 
C12                  REGISTER 
C13                  REGISTER 
C14                  REGISTER 
C15                  REGISTER 
C2                   REGISTER 
C3                   REGISTER 
C4                   REGISTER 
C5                   REGISTER 
C6                   REGISTER 
C7                   REGISTER 
C8                   REGISTER 
C9                   REGISTER 
CALL_GRAPH_ROOT      DIRECTIVE 
CASEOFF              DIRECTIVE 
CASEON               DIRECTIVE 
CFI                  DIRECTIVE 
CODE                 SEGMENT TYPE 
CODE                 DIRECTIVE 
CODE16               DIRECTIVE 
CODE32               DIRECTIVE 
COL                  DIRECTIVE 
CONST                SEGMENT TYPE 
DATA                 SEGMENT TYPE 
DATA                 DIRECTIVE 
DATE                 OPERATOR 
DC16                 DIRECTIVE 
DC24                 DIRECTIVE 
DC32                 DIRECTIVE 
DC8                  DIRECTIVE 
DCB                  DIRECTIVE 
DCD                  DIRECTIVE 
DCREL32              DIRECTIVE 
DCW                  DIRECTIVE 
DEFINE               DIRECTIVE 
DF32                 DIRECTIVE 
DF64                 DIRECTIVE 
DS16                 DIRECTIVE 
DS24                 DIRECTIVE 
DS32                 DIRECTIVE 
DS8                  DIRECTIVE 
ELSE                 DIRECTIVE 
ELSEIF               DIRECTIVE 
END                  DIRECTIVE 
ENDIF                DIRECTIVE 
ENDM                 DIRECTIVE 
ENDMOD               DIRECTIVE 
ENDR                 DIRECTIVE 
EQU                  DIRECTIVE 
EVEN                 DIRECTIVE 
EXITM                DIRECTIVE 
EXPORT               DIRECTIVE 
EXTERN               DIRECTIVE 
EXTWEAK              DIRECTIVE 
FAR                  SEGMENT TYPE 
FARCODE              SEGMENT TYPE 
FARCONST             SEGMENT TYPE 
FARDATA              SEGMENT TYPE 
FUNCALL              DIRECTIVE 
FUNCTION             DIRECTIVE 
HIGH                 OPERATOR 
HUGE                 SEGMENT TYPE 
HUGECODE             SEGMENT TYPE 
HUGECONST            SEGMENT TYPE 
HUGEDATA             SEGMENT TYPE 
HWRD                 OPERATOR 
IDATA                SEGMENT TYPE 
IF                   DIRECTIVE 
IMPORT               DIRECTIVE 
INCLUDE              DIRECTIVE 
LIBRARY              DIRECTIVE 
LOCAL                DIRECTIVE 
LOCFRAME             DIRECTIVE 
LOW                  OPERATOR 
LR                   REGISTER 
LSL                  MNEMONIC 
LSR                  MNEMONIC 
LSTCND               DIRECTIVE 
LSTCOD               DIRECTIVE 
LSTEXP               DIRECTIVE 
LSTMAC               DIRECTIVE 
LSTOUT               DIRECTIVE 
LSTPAG               DIRECTIVE 
LSTREP               DIRECTIVE 
LSTXRF               DIRECTIVE 
LTORG                DIRECTIVE 
LWRD                 OPERATOR 
MACRO                DIRECTIVE 
MODULE               DIRECTIVE 
NAME                 DIRECTIVE 
NEAR                 SEGMENT TYPE 
NEARCODE             SEGMENT TYPE 
NEARCONST            SEGMENT TYPE 
NEARDATA             SEGMENT TYPE 
NOALLOC              SEGMENT TYPE 
NOCALL               DIRECTIVE 
NOROOT               SEGMENT TYPE 
NPAGE                SEGMENT TYPE 
ODD                  DIRECTIVE 
P0                   REGISTER 
P1                   REGISTER 
P10                  REGISTER 
P11                  REGISTER 
P12                  REGISTER 
P13                  REGISTER 
P14                  REGISTER 
P15                  REGISTER 
P2                   REGISTER 
P3                   REGISTER 
P4                   REGISTER 
P5                   REGISTER 
P6                   REGISTER 
P7                   REGISTER 
P8                   REGISTER 
P9                   REGISTER 
PAGE                 DIRECTIVE 
PAGSIZ               DIRECTIVE 
PC                   REGISTER 
PRESERVE8            DIRECTIVE 
PROGRAM              DIRECTIVE 
PUBLIC               DIRECTIVE 
PUBWEAK              DIRECTIVE 
R0                   REGISTER 
R1                   REGISTER 
R10                  REGISTER 
R11                  REGISTER 
R12                  REGISTER 
R13                  REGISTER 
R14                  REGISTER 
R15                  REGISTER 
R2                   REGISTER 
R3                   REGISTER 
R4                   REGISTER 
R5                   REGISTER 
R6                   REGISTER 
R7                   REGISTER 
R8                   REGISTER 
R9                   REGISTER 
RADIX                DIRECTIVE 
REGISTER             SEGMENT TYPE 
RELOC_ARM_PREL31     OPERATOR 
RELOC_ARM_TARGET1    OPERATOR 
RELOC_ARM_TARGET2    OPERATOR 
RELOC_LOCAL          OPERATOR 
REORDER              SEGMENT TYPE 
REPT                 DIRECTIVE 
REPTC                DIRECTIVE 
REPTI                DIRECTIVE 
REQUIRE              DIRECTIVE 
REQUIRE8             DIRECTIVE 
ROOT                 SEGMENT TYPE 
ROR                  MNEMONIC 
RRX                  MNEMONIC 
RSEG                 DIRECTIVE 
RTMODEL              DIRECTIVE 
SBREL                OPERATOR 
SECTION              DIRECTIVE 
SECTION_GROUP        DIRECTIVE 
SECTION_LINK         DIRECTIVE 
SECTION_TYPE         DIRECTIVE 
SET                  DIRECTIVE 
SETA                 DIRECTIVE 
SFB                  OPERATOR 
SFE                  OPERATOR 
SFS                  OPERATOR 
SIZEOF               OPERATOR 
SORT                 SEGMENT TYPE 
SP                   REGISTER 
THUMB                DIRECTIVE 
THUMBX               DIRECTIVE 
UGT                  OPERATOR 
ULT                  OPERATOR 
UNTYPED              SEGMENT TYPE 
VAR                  DIRECTIVE 
XDATA                SEGMENT TYPE 
XOR                  OPERATOR 
ZPAGE                SEGMENT TYPE 
[                    DELIMITER 
]                    DELIMITER 
^                    OPERATOR 
^                    DELIMITER 
__ARM4TM__           #define, value: 4, line:         0  
__ARM5TM__           #define, value: 5, line:         0  
__ARM5T__            #define, value: 5, line:         0  
__ARM5__             #define, value: 5, line:         0  
__ARM6M__            #define, value: 11, line:         0  
__ARM6SM__           #define, value: 12, line:         0  
__ARM6__             #define, value: 6, line:         0  
__ARM_PROFILE_M__    #define, value: 1, line:         0  
__BUILD_NUMBER__     #define,            line:         0  
__CORE__             #define, value: __ARM6M__, line:         0  
__DATE__             #define,            line:         0  
__FILE__             #define,            line:         0  
__IAR_SYSTEMS_ASM    #define,            line:         0  
__IAR_SYSTEMS_ASM__  #define,            line:         0  
__IASMARM__          #define, value: 1, line:         0  
__LINE__             #define,            line:         0  
__LITTLE_ENDIAN__    #define, value: 1, line:         0  
__SUBVERSION__       #define,            line:         0  
__TID__              #define,            line:         0  
__TIME__             #define,            line:         0  
__VER__              #define,            line:         0  
define               PREPROCESSOR DIRECTIVE 
defined              Target symbol: 0 
elif                 PREPROCESSOR DIRECTIVE 
else                 PREPROCESSOR DIRECTIVE 
endif                PREPROCESSOR DIRECTIVE 
error                PREPROCESSOR DIRECTIVE 
if                   PREPROCESSOR DIRECTIVE 
ifdef                PREPROCESSOR DIRECTIVE 
ifndef               PREPROCESSOR DIRECTIVE 
include              PREPROCESSOR DIRECTIVE 
line                 PREPROCESSOR DIRECTIVE 
message              PREPROCESSOR DIRECTIVE 
pragma               PREPROCESSOR DIRECTIVE 
undef                PREPROCESSOR DIRECTIVE 
{                    DELIMITER 
|                    OPERATOR 
||                   OPERATOR 
}                    DELIMITER 
~                    OPERATOR 

Segment             Type 	Mode
----------------------------------------
.intvec             CODE  	REL 
.text               CODE  	REL 
CSTACK              DATA  	REL 
__EXTERNS           CODE  	ABS Org:0 

Label               Mode   Type                   Segment    Value/Offset
------------------------------------------------------------------------------
??DUMMY_SYMBOL_IN_BACKEND_PARSED_OPERANDS
                    ABS    CONST UNTYP.           ASEG       1267 
ADC_IRQHandler      REL    CONST EXT [013] UNTYP. .intvec    Solved Extern 
CCM_AAR_IRQHandler  REL    CONST EXT [021] UNTYP. .intvec    Solved Extern 
ECB_IRQHandler      REL    CONST EXT [020] UNTYP. .intvec    Solved Extern 
GPIOTE_IRQHandler   REL    CONST EXT [012] UNTYP. .intvec    Solved Extern 
HardFault_Handler   REL    CONST EXT [003] UNTYP. .intvec    Solved Extern 
LPCOMP_COMP_IRQHandlerREL    CONST EXT [025] UNTYP. .intvec    Solved Extern 
NMI_Handler         REL    CONST EXT [002] UNTYP. .intvec    Solved Extern 
NRF_POWER_RAMON_ADDRESSABS    CONST UNTYP.           .intvec    40000524 
NRF_POWER_RAMON_RAMxON_ONMODE_Msk
                    ABS    CONST UNTYP.           .intvec    F 
POWER_CLOCK_IRQHandlerREL    CONST EXT [007] UNTYP. .intvec    Solved Extern 
PendSV_Handler      REL    CONST EXT [005] UNTYP. .intvec    Solved Extern 
QDEC_IRQHandler     REL    CONST EXT [024] UNTYP. .intvec    Solved Extern 
RADIO_IRQHandler    REL    CONST EXT [008] UNTYP. .intvec    Solved Extern 
RNG_IRQHandler      REL    CONST EXT [019] UNTYP. .intvec    Solved Extern 
RTC0_IRQHandler     REL    CONST EXT [017] UNTYP. .intvec    Solved Extern 
RTC1_IRQHandler     REL    CONST EXT [023] UNTYP. .intvec    Solved Extern 
Reset_Handler       REL    CONST EXT [001] UNTYP. .intvec    Solved Extern 
SPI0_TWI0_IRQHandlerREL    CONST EXT [010] UNTYP. .intvec    Solved Extern 
SPI1_TWI1_IRQHandlerREL    CONST EXT [011] UNTYP. .intvec    Solved Extern 
SVC_Handler         REL    CONST EXT [004] UNTYP. .intvec    Solved Extern 
SWI0_IRQHandler     REL    CONST EXT [026] UNTYP. .intvec    Solved Extern 
SWI1_IRQHandler     REL    CONST EXT [027] UNTYP. .intvec    Solved Extern 
SWI2_IRQHandler     REL    CONST EXT [028] UNTYP. .intvec    Solved Extern 
SWI3_IRQHandler     REL    CONST EXT [029] UNTYP. .intvec    Solved Extern 
SWI4_IRQHandler     REL    CONST EXT [030] UNTYP. .intvec    Solved Extern 
SWI5_IRQHandler     REL    CONST EXT [031] UNTYP. .intvec    Solved Extern 
SysTick_Handler     REL    CONST EXT [006] UNTYP. .intvec    Solved Extern 
SystemInit          ABS    CONST EXT [-001] UNTYP. __EXTERNS  Solved Extern 
TEMP_IRQHandler     REL    CONST EXT [018] UNTYP. .intvec    Solved Extern 
TID                 ABS    CONST UNTYP.           ASEG       4F00 
TIMER0_IRQHandler   REL    CONST EXT [014] UNTYP. .intvec    Solved Extern 
TIMER1_IRQHandler   REL    CONST EXT [015] UNTYP. .intvec    Solved Extern 
TIMER2_IRQHandler   REL    CONST EXT [016] UNTYP. .intvec    Solved Extern 
UART0_IRQHandler    REL    CONST EXT [009] UNTYP. .intvec    Solved Extern 
WDT_IRQHandler      REL    CONST EXT [022] UNTYP. .intvec    Solved Extern 
__Vectors           REL    CONST PUB UNTYP.       .intvec    0 
__Vectors_End       REL    CONST PUB UNTYP.       .intvec    C0 
__Vectors_Size      ABS    CONST PUB UNTYP.       .intvec    C0 
__iar_program_start ABS    CONST EXT [000] UNTYP. __EXTERNS  Solved Extern 
__lab0              REL    CONST UNTYP.           .text      10 
__lab1              REL    CONST UNTYP.           .text      14 
__lab10             REL    CONST UNTYP.           .text      0 
__lab11             REL    CONST UNTYP.           .text      0 
__lab12             REL    CONST UNTYP.           .text      0 
__lab13             REL    CONST UNTYP.           .text      0 
__lab14             REL    CONST UNTYP.           .text      0 
__lab15             REL    CONST UNTYP.           .text      0 
__lab16             REL    CONST UNTYP.           .text      0 
__lab17             REL    CONST UNTYP.           .text      0 
__lab18             REL    CONST UNTYP.           .text      0 
__lab19             REL    CONST UNTYP.           .text      0 
__lab2              REL    CONST UNTYP.           .text      0 
__lab20             REL    CONST UNTYP.           .text      0 
__lab21             REL    CONST UNTYP.           .text      0 
__lab22             REL    CONST UNTYP.           .text      0 
__lab23             REL    CONST UNTYP.           .text      0 
__lab24             REL    CONST UNTYP.           .text      0 
__lab25             REL    CONST UNTYP.           .text      0 
__lab26             REL    CONST UNTYP.           .text      0 
__lab27             REL    CONST UNTYP.           .text      0 
__lab28             REL    CONST UNTYP.           .text      0 
__lab29             REL    CONST UNTYP.           .text      0 
__lab3              REL    CONST UNTYP.           .text      0 
__lab30             REL    CONST UNTYP.           .text      0 
__lab31             REL    CONST UNTYP.           .text      0 
__lab4              REL    CONST UNTYP.           .text      0 
__lab5              REL    CONST UNTYP.           .text      0 
__lab6              REL    CONST UNTYP.           .text      0 
__lab7              REL    CONST UNTYP.           .text      0 
__lab8              REL    CONST UNTYP.           .text      0 
__lab9              REL    CONST UNTYP.           .text      0 
__vector_table      REL    CONST PUB UNTYP.       .intvec    0 


##############################
#           CRC:0            #
#        Errors:   0         #
#        Warnings: 31        #
#         Bytes: 276         #
##############################



